#
# A fatal error has been detected by the Java Runtime Environment:
#
#  Internal Error (classFileParser.cpp:3174), pid=3312, tid=1832
#  Error: ShouldNotReachHere()
#
# JRE version: 6.0_20-b02
# Java VM: Java HotSpot(TM) Client VM (16.3-b01 mixed mode windows-x86 )
# If you would like to submit a bug report, please visit:
#   http://java.sun.com/webapps/bugreport/crash.jsp
#

---------------  T H R E A D  ---------------

Current thread (0x003a6800):  JavaThread "Unknown thread" [_thread_in_vm, id=1832, stack(0x008c0000,0x00910000)]

Stack: [0x008c0000,0x00910000],  sp=0x0090f8ac,  free space=13e0090f8bck
Native frames: (J=compiled Java code, j=interpreted, Vv=VM code, C=native code)
V  [jvm.dll+0x1f4180]
V  [jvm.dll+0xa1e29]
V  [jvm.dll+0x74a41]
V  [jvm.dll+0x760e4]
V  [jvm.dll+0x1c26a5]
V  [jvm.dll+0x1c2ddd]
V  [jvm.dll+0x1c3195]
V  [jvm.dll+0x1c31db]
V  [jvm.dll+0x1c3302]
V  [jvm.dll+0x1c337a]
V  [jvm.dll+0x1c382d]
V  [jvm.dll+0x1c3c32]
V  [jvm.dll+0x1e40b3]
V  [jvm.dll+0x1e448c]
V  [jvm.dll+0xd89c1]
V  [jvm.dll+0x1ddcd8]
V  [jvm.dll+0x102e10]
C  [javaw.exe+0x1657]
C  [javaw.exe+0x1e2c]
C  [javaw.exe+0x8614]
C  [kernel32.dll+0xb729]


---------------  P R O C E S S  ---------------

Java Threads: ( => current thread )

Other Threads:

=>0x003a6800 (exited) JavaThread "Unknown thread" [_thread_in_vm, id=1832, stack(0x008c0000,0x00910000)]

VM state:not at safepoint (not fully initialized)

VM Mutex/Monitor currently owned by a thread: None

Dynamic libraries:
0x00400000 - 0x00424000 	H:\Program Files\Java\jre6\bin\javaw.exe
0x7c900000 - 0x7c9b2000 	H:\WINDOWS\system32\ntdll.dll
0x7c800000 - 0x7c8f6000 	H:\WINDOWS\system32\kernel32.dll
0x77dd0000 - 0x77e6b000 	H:\WINDOWS\system32\ADVAPI32.dll
0x77e70000 - 0x77f02000 	H:\WINDOWS\system32\RPCRT4.dll
0x77fe0000 - 0x77ff1000 	H:\WINDOWS\system32\Secur32.dll
0x7e410000 - 0x7e4a1000 	H:\WINDOWS\system32\USER32.dll
0x77f10000 - 0x77f59000 	H:\WINDOWS\system32\GDI32.dll
0x76390000 - 0x763ad000 	H:\WINDOWS\system32\IMM32.DLL
0x7c340000 - 0x7c396000 	H:\Program Files\Java\jre6\bin\msvcr71.dll
0x6d800000 - 0x6da97000 	H:\Program Files\Java\jre6\bin\client\jvm.dll
0x76b40000 - 0x76b6d000 	H:\WINDOWS\system32\WINMM.dll
0x6d7b0000 - 0x6d7bc000 	H:\Program Files\Java\jre6\bin\verify.dll
0x6d330000 - 0x6d34f000 	H:\Program Files\Java\jre6\bin\java.dll
0x6d290000 - 0x6d298000 	H:\Program Files\Java\jre6\bin\hpi.dll
0x76bf0000 - 0x76bfb000 	H:\WINDOWS\system32\PSAPI.DLL
0x6d7f0000 - 0x6d7ff000 	H:\Program Files\Java\jre6\bin\zip.dll

VM Arguments:
jvm_args: -Dfile.encoding=Cp1252 -Xbootclasspath:H:\Program Files\Android\android-sdk\platforms\android-10\android.jar 
java_command: org.areska.starhopper.TestSAOFile
Launcher Type: SUN_STANDARD

Environment Variables:
JAVA_HOME=H:\Program Files\Java\jdk1.6.0_19
JRE_HOME=H:\Program Files\Java\jdk1.6.0_19\jre
PATH=H:/Program Files/Java/jre6/bin/client;H:/Program Files/Java/jre6/bin;H:\WINDOWS\system32;H:\WINDOWS;H:\WINDOWS\System32\Wbem;H:\Program Files\ATI Technologies\ATI.ACE\Core-Static;H:\Program Files\TortoiseSVN\bin;h:\apache-ant-1.8.0\bin;H:\Program Files\apache-maven-2.2.1\bin;H:\Program Files\Java\jdk1.6.0_19\bin;H:\Program Files\MySQL\MySQL Server 5.1\bin;H:\Program Files\Calibre2\;H:\Program Files\Git\cmd;H:\Program Files\Git\bin;H:\Program Files\OpenVPN\bin
USERNAME=Nierka
OS=Windows_NT
PROCESSOR_IDENTIFIER=x86 Family 6 Model 23 Stepping 10, GenuineIntel



---------------  S Y S T E M  ---------------

OS: Windows XP Build 2600 Service Pack 3

CPU:total 4 (4 cores per cpu, 1 threads per core) family 6 model 23 stepping 10, cmov, cx8, fxsr, mmx, sse, sse2, sse3, ssse3, sse4.1

Memory: 4k page, physical 3144108k(2102296k free), swap 5074756k(4060536k free)

vm_info: Java HotSpot(TM) Client VM (16.3-b01) for windows-x86 JRE (1.6.0_20-b02), built on Apr 12 2010 13:52:23 by "java_re" with MS VC++ 7.1 (VS2003)

time: Wed Dec 14 20:18:32 2011
elapsed time: 0 seconds

